0 info it worked if it ends with ok
1 verbose cli [ '/usr/local/bin/node',
1 verbose cli   '/Users/matthew.f.smith/.npm-packages/bin/npm',
1 verbose cli   'run',
1 verbose cli   'compile' ]
2 info using npm@3.10.9
3 info using node@v6.3.0
4 verbose run-script [ 'precompile', 'compile', 'postcompile' ]
5 info lifecycle delorean@1.0.0~precompile: delorean@1.0.0
6 silly lifecycle delorean@1.0.0~precompile: no script for precompile, continuing
7 info lifecycle delorean@1.0.0~compile: delorean@1.0.0
8 verbose lifecycle delorean@1.0.0~compile: unsafe-perm in lifecycle true
9 verbose lifecycle delorean@1.0.0~compile: PATH: /Users/matthew.f.smith/.npm-packages/lib/node_modules/npm/bin/node-gyp-bin:/Users/matthew.f.smith/Desktop/dev/delorean/node_modules/.bin:/Users/matthew.f.smith/.npm-packages/bin:/usr/local/bin:/usr/bin:/bin:/usr/sbin:/sbin:/Users/matthew.f.smith/.npm/bin:/usr/local/apache-maven/apache-maven-3.0.4/bin:/Users/matthew.f.smith/bin:/opt/X11/bin:/usr/local/git/bin:/Users/matthew.f.smith/.npm-packages/bin:/Users/matthew.f.smith/go/bin:/Users/matthew.f.smith/go/bin
10 verbose lifecycle delorean@1.0.0~compile: CWD: /Users/matthew.f.smith/Desktop/dev/delorean
11 silly lifecycle delorean@1.0.0~compile: Args: [ '-c', 'webpack' ]
12 silly lifecycle delorean@1.0.0~compile: Returned: code: 2  signal: null
13 info lifecycle delorean@1.0.0~compile: Failed to exec compile script
14 verbose stack Error: delorean@1.0.0 compile: `webpack`
14 verbose stack Exit status 2
14 verbose stack     at EventEmitter.<anonymous> (/Users/matthew.f.smith/.npm-packages/lib/node_modules/npm/lib/utils/lifecycle.js:255:16)
14 verbose stack     at emitTwo (events.js:106:13)
14 verbose stack     at EventEmitter.emit (events.js:191:7)
14 verbose stack     at ChildProcess.<anonymous> (/Users/matthew.f.smith/.npm-packages/lib/node_modules/npm/lib/utils/spawn.js:40:14)
14 verbose stack     at emitTwo (events.js:106:13)
14 verbose stack     at ChildProcess.emit (events.js:191:7)
14 verbose stack     at maybeClose (internal/child_process.js:852:16)
14 verbose stack     at Process.ChildProcess._handle.onexit (internal/child_process.js:215:5)
15 verbose pkgid delorean@1.0.0
16 verbose cwd /Users/matthew.f.smith/Desktop/dev/delorean
17 error Darwin 15.6.0
18 error argv "/usr/local/bin/node" "/Users/matthew.f.smith/.npm-packages/bin/npm" "run" "compile"
19 error node v6.3.0
20 error npm  v3.10.9
21 error code ELIFECYCLE
22 error delorean@1.0.0 compile: `webpack`
22 error Exit status 2
23 error Failed at the delorean@1.0.0 compile script 'webpack'.
23 error Make sure you have the latest version of node.js and npm installed.
23 error If you do, this is most likely a problem with the delorean package,
23 error not with npm itself.
23 error Tell the author that this fails on your system:
23 error     webpack
23 error You can get information on how to open an issue for this project with:
23 error     npm bugs delorean
23 error Or if that isn't available, you can get their info via:
23 error     npm owner ls delorean
23 error There is likely additional logging output above.
24 verbose exit [ 1, true ]
